<?xml version="1.0" encoding="UTF-8"?>
<testsuite xmlns:xsi="http://www.w3.org/2001/XMLSchema-instance" xsi:noNamespaceSchemaLocation="https://maven.apache.org/surefire/maven-surefire-plugin/xsd/surefire-test-report-3.0.xsd" version="3.0" name="Blaze.DemonblazeTest" time="27.105" tests="5" errors="0" skipped="0" failures="0">
  <properties>
[...]
</properties>
  <testcase name="IngresoLaptops" classname="Blaze.DemonblazeTest" time="6.944">
    <system-out><![CDATA[Conectarse a la base de datos
Abrir el navegador, configurarlo y abrir la pagina de google
El precio se encontró y es: $790 *includes tax
cierra el navegador
]]></system-out>
    <system-err><![CDATA[ago. 27, 2024 3:26:37 P. M. org.openqa.selenium.devtools.CdpVersionFinder findNearestMatch
WARNING: Unable to find an exact match for CDP version 128, returning the closest version; found: 127; Please update to a Selenium version that supports CDP version 128
]]></system-err>
  </testcase>
  <testcase name="IngresoMonitors" classname="Blaze.DemonblazeTest" time="5.732">
    <system-out><![CDATA[Abrir el navegador, configurarlo y abrir la pagina de google
El precio se encontró y es: $230 *includes tax
cierra el navegador
]]></system-out>
    <system-err><![CDATA[ago. 27, 2024 3:26:43 P. M. org.openqa.selenium.devtools.CdpVersionFinder findNearestMatch
WARNING: Unable to find an exact match for CDP version 128, returning the closest version; found: 127; Please update to a Selenium version that supports CDP version 128
]]></system-err>
  </testcase>
  <testcase name="IngresoLaptopsMacbook" classname="Blaze.DemonblazeTest" time="5.302">
    <system-out><![CDATA[Abrir el navegador, configurarlo y abrir la pagina de google
No se pudo tomar el valor del precio.
cierra el navegador
]]></system-out>
    <system-err><![CDATA[ago. 27, 2024 3:26:49 P. M. org.openqa.selenium.devtools.CdpVersionFinder findNearestMatch
WARNING: Unable to find an exact match for CDP version 128, returning the closest version; found: 127; Please update to a Selenium version that supports CDP version 128
ago. 27, 2024 3:26:52 P. M. org.openqa.selenium.remote.http.WebSocket$Listener onError
WARNING: Connection reset
java.net.SocketException: Connection reset
	at java.base/sun.nio.ch.SocketChannelImpl.throwConnectionReset(SocketChannelImpl.java:403)
	at java.base/sun.nio.ch.SocketChannelImpl.implRead(SocketChannelImpl.java:435)
	at java.base/sun.nio.ch.SocketChannelImpl.read(SocketChannelImpl.java:493)
	at java.net.http/jdk.internal.net.http.SocketTube.readAvailable(SocketTube.java:1178)
	at java.net.http/jdk.internal.net.http.SocketTube$InternalReadPublisher$InternalReadSubscription.read(SocketTube.java:841)
	at java.net.http/jdk.internal.net.http.SocketTube$SocketFlowTask.run(SocketTube.java:181)
	at java.net.http/jdk.internal.net.http.common.SequentialScheduler$SchedulableTask.run(SequentialScheduler.java:207)
	at java.net.http/jdk.internal.net.http.common.SequentialScheduler.runOrSchedule(SequentialScheduler.java:280)
	at java.net.http/jdk.internal.net.http.common.SequentialScheduler.runOrSchedule(SequentialScheduler.java:233)
	at java.net.http/jdk.internal.net.http.SocketTube$InternalReadPublisher$InternalReadSubscription.signalReadable(SocketTube.java:782)
	at java.net.http/jdk.internal.net.http.SocketTube$InternalReadPublisher$ReadEvent.signalEvent(SocketTube.java:965)
	at java.net.http/jdk.internal.net.http.SocketTube$SocketFlowEvent.handle(SocketTube.java:253)
	at java.net.http/jdk.internal.net.http.HttpClientImpl$SelectorManager.handleEvent(HttpClientImpl.java:1476)
	at java.net.http/jdk.internal.net.http.HttpClientImpl$SelectorManager.lambda$run$3(HttpClientImpl.java:1421)
	at java.base/java.util.ArrayList.forEach(ArrayList.java:1597)
	at java.net.http/jdk.internal.net.http.HttpClientImpl$SelectorManager.run(HttpClientImpl.java:1421)

]]></system-err>
  </testcase>
  <testcase name="IngresoNokia" classname="Blaze.DemonblazeTest" time="4.655">
    <system-out><![CDATA[Abrir el navegador, configurarlo y abrir la pagina de google
El precio se encontró y es: $820 *includes tax
cierra el navegador
]]></system-out>
    <system-err><![CDATA[ago. 27, 2024 3:26:54 P. M. org.openqa.selenium.devtools.CdpVersionFinder findNearestMatch
WARNING: Unable to find an exact match for CDP version 128, returning the closest version; found: 127; Please update to a Selenium version that supports CDP version 128
]]></system-err>
  </testcase>
  <testcase name="IngresoSamsung" classname="Blaze.DemonblazeTest" time="4.438">
    <system-out><![CDATA[Abrir el navegador, configurarlo y abrir la pagina de google
El precio se encontró y es: $360 *includes tax
cierra el navegador
]]></system-out>
    <system-err><![CDATA[ago. 27, 2024 3:26:58 P. M. org.openqa.selenium.devtools.CdpVersionFinder findNearestMatch
WARNING: Unable to find an exact match for CDP version 128, returning the closest version; found: 127; Please update to a Selenium version that supports CDP version 128
]]></system-err>
  </testcase>
</testsuite>